  Stick.cpp
  source.cpp
c:\users\administrator\downloads\arkanoid_project_lastv6.0\arkanoid_project_last6.0\arkanoid_project\source.cpp(112): warning C4018: '<': signed 또는 unsigned가 일치하지 않습니다.
c:\users\administrator\downloads\arkanoid_project_lastv6.0\arkanoid_project_last6.0\arkanoid_project\source.cpp(128): warning C4018: '<': signed 또는 unsigned가 일치하지 않습니다.
c:\users\administrator\downloads\arkanoid_project_lastv6.0\arkanoid_project_last6.0\arkanoid_project\source.cpp(131): warning C4018: '<': signed 또는 unsigned가 일치하지 않습니다.
c:\users\administrator\downloads\arkanoid_project_lastv6.0\arkanoid_project_last6.0\arkanoid_project\source.cpp(155): warning C4553: '==': 의미 없는 연산자입니다. '='을(를) 사용하려고 했습니까?
c:\users\administrator\downloads\arkanoid_project_lastv6.0\arkanoid_project_last6.0\arkanoid_project\source.cpp(176): warning C4018: '<': signed 또는 unsigned가 일치하지 않습니다.
c:\users\administrator\downloads\arkanoid_project_lastv6.0\arkanoid_project_last6.0\arkanoid_project\source.cpp(179): warning C4018: '<': signed 또는 unsigned가 일치하지 않습니다.
c:\users\administrator\downloads\arkanoid_project_lastv6.0\arkanoid_project_last6.0\arkanoid_project\source.cpp(180): warning C4018: '<': signed 또는 unsigned가 일치하지 않습니다.
c:\users\administrator\downloads\arkanoid_project_lastv6.0\arkanoid_project_last6.0\arkanoid_project\source.cpp(198): warning C4018: '<': signed 또는 unsigned가 일치하지 않습니다.
c:\users\administrator\downloads\arkanoid_project_lastv6.0\arkanoid_project_last6.0\arkanoid_project\source.cpp(222): warning C4553: '==': 의미 없는 연산자입니다. '='을(를) 사용하려고 했습니까?
c:\users\administrator\downloads\arkanoid_project_lastv6.0\arkanoid_project_last6.0\arkanoid_project\source.cpp(227): warning C4018: '<': signed 또는 unsigned가 일치하지 않습니다.
c:\users\administrator\downloads\arkanoid_project_lastv6.0\arkanoid_project_last6.0\arkanoid_project\source.cpp(272): warning C4018: '<': signed 또는 unsigned가 일치하지 않습니다.
c:\users\administrator\downloads\arkanoid_project_lastv6.0\arkanoid_project_last6.0\arkanoid_project\source.cpp(359): warning C4018: '<': signed 또는 unsigned가 일치하지 않습니다.
c:\users\administrator\downloads\arkanoid_project_lastv6.0\arkanoid_project_last6.0\arkanoid_project\source.cpp(362): warning C4018: '<': signed 또는 unsigned가 일치하지 않습니다.
  Brick.cpp
  Boundary.cpp
  Ball.cpp
  코드를 생성하고 있습니다...
c:\users\administrator\downloads\arkanoid_project_lastv6.0\arkanoid_project_last6.0\arkanoid_project\vec3.h(77): warning C4715: 'Vec3::operator[]': 모든 제어 경로에서 값을 반환하지는 않습니다.
c:\users\administrator\downloads\arkanoid_project_lastv6.0\arkanoid_project_last6.0\arkanoid_project\vec3.h(77): warning C4715: 'Vec3::operator[]': 모든 제어 경로에서 값을 반환하지는 않습니다.
c:\users\administrator\downloads\arkanoid_project_lastv6.0\arkanoid_project_last6.0\arkanoid_project\vec3.h(77): warning C4715: 'Vec3::operator[]': 모든 제어 경로에서 값을 반환하지는 않습니다.
c:\users\administrator\downloads\arkanoid_project_lastv6.0\arkanoid_project_last6.0\arkanoid_project\vec3.h(77): warning C4715: 'Vec3::operator[]': 모든 제어 경로에서 값을 반환하지는 않습니다.
c:\users\administrator\downloads\arkanoid_project_lastv6.0\arkanoid_project_last6.0\arkanoid_project\vec3.h(77): warning C4715: 'Vec3::operator[]': 모든 제어 경로에서 값을 반환하지는 않습니다.
  Arkanoid_Project.vcxproj -> C:\Users\Administrator\Downloads\Arkanoid_Project_LastV6.0\Arkanoid_Project_Last6.0\Debug\Arkanoid_Project.exe
  Arkanoid_Project.vcxproj -> C:\Users\Administrator\Downloads\Arkanoid_Project_LastV6.0\Arkanoid_Project_Last6.0\Debug\Arkanoid_Project.pdb (Full PDB)
